<!DOCTYPE html>

<html>
  <head>
  <meta charset='utf-8'>
  <title>TestNG reports</title>

    <link type="text/css" href="testng-reports.css" rel="stylesheet" />  
    <script type="text/javascript" src="jquery-1.7.1.min.js"></script>
    <script type="text/javascript" src="testng-reports.js"></script>
    <script type="text/javascript" src="https://www.google.com/jsapi"></script>
    <script type='text/javascript'>
      google.load('visualization', '1', {packages:['table']});
      google.setOnLoadCallback(drawTable);
      var suiteTableInitFunctions = new Array();
      var suiteTableData = new Array();
    </script>
    <!--
      <script type="text/javascript" src="jquery-ui/js/jquery-ui-1.8.16.custom.min.js"></script>
     -->
  </head>

  <body>
    <div class="top-banner-root">
      <span class="top-banner-title-font">Test results</span>
      <br/>
      <span class="top-banner-font-1">1 suite, 17 failed tests</span>
    </div> <!-- top-banner-root -->
    <div class="navigator-root">
      <div class="navigator-suite-header">
        <span>All suites</span>
        <a href="#" class="collapse-all-link" title="Collapse/expand all the suites">
          <img class="collapse-all-icon" src="collapseall.gif">
          </img> <!-- collapse-all-icon -->
        </a> <!-- collapse-all-link -->
      </div> <!-- navigator-suite-header -->
      <div class="suite">
        <div class="rounded-window">
          <div class="suite-header light-rounded-window-top">
            <a href="#" class="navigator-link" panel-name="suite-Suite">
              <span class="suite-name border-failed">Suite</span>
            </a> <!-- navigator-link -->
          </div> <!-- suite-header light-rounded-window-top -->
          <div class="navigator-suite-content">
            <div class="suite-section-title">
              <span>Info</span>
            </div> <!-- suite-section-title -->
            <div class="suite-section-content">
              <ul>
                <li>
                  <a href="#" class="navigator-link " panel-name="test-xml-Suite">
                    <span>C:\Users\GSC-30145\workspace\WifiAnalyser_Automation_Testcases\testng.xml</span>
                  </a> <!-- navigator-link  -->
                </li>
                <li>
                  <a href="#" class="navigator-link " panel-name="testlist-Suite">
                    <span class="test-stats">1 test</span>
                  </a> <!-- navigator-link  -->
                </li>
                <li>
                  <a href="#" class="navigator-link " panel-name="group-Suite">
                    <span>0 groups</span>
                  </a> <!-- navigator-link  -->
                </li>
                <li>
                  <a href="#" class="navigator-link " panel-name="times-Suite">
                    <span>Times</span>
                  </a> <!-- navigator-link  -->
                </li>
                <li>
                  <a href="#" class="navigator-link " panel-name="reporter-Suite">
                    <span>Reporter output</span>
                  </a> <!-- navigator-link  -->
                </li>
                <li>
                  <a href="#" class="navigator-link " panel-name="ignored-methods-Suite">
                    <span>Ignored methods</span>
                  </a> <!-- navigator-link  -->
                </li>
                <li>
                  <a href="#" class="navigator-link " panel-name="chronological-Suite">
                    <span>Chronological view</span>
                  </a> <!-- navigator-link  -->
                </li>
              </ul>
            </div> <!-- suite-section-content -->
            <div class="result-section">
              <div class="suite-section-title">
                <span>Results</span>
              </div> <!-- suite-section-title -->
              <div class="suite-section-content">
                <ul>
                  <li>
                    <span class="method-stats">19 methods, 17 failed,   2 passed</span>
                  </li>
                  <li>
                    <span class="method-list-title failed">Failed methods</span>
                    <span class="show-or-hide-methods failed">
                      <a href="#" panel-name="suite-Suite" class="hide-methods failed suite-Suite"> (hide)</a> <!-- hide-methods failed suite-Suite -->
                      <a href="#" panel-name="suite-Suite" class="show-methods failed suite-Suite"> (show)</a> <!-- show-methods failed suite-Suite -->
                    </span>
                    <div class="method-list-content failed suite-Suite">
                      <span>
                        <img width="3%" src="failed.png"/>
                        <a href="#" class="method navigator-link" panel-name="suite-Suite" title="com.SAFUI.Testscripts.AddNewRuleTestScript" hash-for-method="AddNewRuleBtn(fourth rule, IMPORTANT, APMODEL, ~=, AIR-CAP3702I-N-K9, COUNT, CLIENTCOUNT, &gt;=, 100, 30,  %{aggregat...)">AddNewRuleBtn(fourth rule, IMPORTANT, APMODEL, ~=, AIR-CAP3702I-N-K9, COUNT, CLIENTCOUNT, >=, 100, 30,  %{aggregat...)</a> <!-- method navigator-link -->
                      </span>
                      <br/>
                      <span>
                        <img width="3%" src="failed.png"/>
                        <a href="#" class="method navigator-link" panel-name="suite-Suite" title="com.SAFUI.Testscripts.AddNewRuleTestScript" hash-for-method="AddNewRuleBtn(Second Rule, NORMAL, tag, ~=, wlc_client_data, SUM, BANDWIDTH, &gt;=, 100, 20,  %{aggregation} %{metric...)">AddNewRuleBtn(Second Rule, NORMAL, tag, ~=, wlc_client_data, SUM, BANDWIDTH, >=, 100, 20,  %{aggregation} %{metric...)</a> <!-- method navigator-link -->
                      </span>
                      <br/>
                      <span>
                        <img width="3%" src="failed.png"/>
                        <a href="#" class="method navigator-link" panel-name="suite-Suite" title="com.SAFUI.Testscripts.AddNewRuleTestScript" hash-for-method="AddNewRuleBtn(Third rule, CRITICAL, tag, ==, wlc_ap_data, COUNT, APSLOTS, ==, 20, 10,  %{aggregation} %{metric} %{...)">AddNewRuleBtn(Third rule, CRITICAL, tag, ==, wlc_ap_data, COUNT, APSLOTS, ==, 20, 10,  %{aggregation} %{metric} %{...)</a> <!-- method navigator-link -->
                      </span>
                      <br/>
                      <span>
                        <img width="3%" src="failed.png"/>
                        <a href="#" class="method navigator-link" panel-name="suite-Suite" title="com.SAFUI.Testscripts.AddNewRuleTestScript" hash-for-method="AddNewRuleBtn(fifth rule, MINOR, Timestamp, &gt;=, 2017-03-03 18:56:55.177+0530, SUM, BANDWIDTH, &gt;=, 100, 20,  %{aggr...)">AddNewRuleBtn(fifth rule, MINOR, Timestamp, >=, 2017-03-03 18:56:55.177+0530, SUM, BANDWIDTH, >=, 100, 20,  %{aggr...)</a> <!-- method navigator-link -->
                      </span>
                      <br/>
                      <span>
                        <img width="3%" src="failed.png"/>
                        <a href="#" class="method navigator-link" panel-name="suite-Suite" title="com.SAFUI.Testscripts.AddNewRuleTestScript" hash-for-method="AddNewRuleBtn(sixth rule, NORMAL, APNAME, ~=, AA_6F_04, SUM, CLIENTCOUNT, &gt;=, 25, 50,  %{aggregation} %{metric} %{...)">AddNewRuleBtn(sixth rule, NORMAL, APNAME, ~=, AA_6F_04, SUM, CLIENTCOUNT, >=, 25, 50,  %{aggregation} %{metric} %{...)</a> <!-- method navigator-link -->
                      </span>
                      <br/>
                      <span>
                        <img width="3%" src="failed.png"/>
                        <a href="#" class="method navigator-link" panel-name="suite-Suite" title="com.SAFUI.Testscripts.LoginTestScript" hash-for-method="LoginPage(account_admin@gslsaf.com, 7458$%)">LoginPage(account_admin@gslsaf.com, 7458$%)</a> <!-- method navigator-link -->
                      </span>
                      <br/>
                      <span>
                        <img width="3%" src="failed.png"/>
                        <a href="#" class="method navigator-link" panel-name="suite-Suite" title="com.SAFUI.Testscripts.LoginTestScript" hash-for-method="LoginPage(account_admin@gslsaf.com, )">LoginPage(account_admin@gslsaf.com, )</a> <!-- method navigator-link -->
                      </span>
                      <br/>
                      <span>
                        <img width="3%" src="failed.png"/>
                        <a href="#" class="method navigator-link" panel-name="suite-Suite" title="com.SAFUI.Testscripts.LoginTestScript" hash-for-method="LoginPage(, )">LoginPage(, )</a> <!-- method navigator-link -->
                      </span>
                      <br/>
                      <span>
                        <img width="3%" src="failed.png"/>
                        <a href="#" class="method navigator-link" panel-name="suite-Suite" title="com.SAFUI.Testscripts.AddNewRuleTestScript" hash-for-method="LoginPage(account_admin@gslsaf.com, 7458$%)">LoginPage(account_admin@gslsaf.com, 7458$%)</a> <!-- method navigator-link -->
                      </span>
                      <br/>
                      <span>
                        <img width="3%" src="failed.png"/>
                        <a href="#" class="method navigator-link" panel-name="suite-Suite" title="com.SAFUI.Testscripts.LoginTestScript" hash-for-method="LoginPage(abc.pqr@gslsaf.com, 123)">LoginPage(abc.pqr@gslsaf.com, 123)</a> <!-- method navigator-link -->
                      </span>
                      <br/>
                      <span>
                        <img width="3%" src="failed.png"/>
                        <a href="#" class="method navigator-link" panel-name="suite-Suite" title="com.SAFUI.Testscripts.LoginTestScript" hash-for-method="LoginPage(, 123)">LoginPage(, 123)</a> <!-- method navigator-link -->
                      </span>
                      <br/>
                      <span>
                        <img width="3%" src="failed.png"/>
                        <a href="#" class="method navigator-link" panel-name="suite-Suite" title="com.SAFUI.Testscripts.AddNewRuleTestScript" hash-for-method="LoginPage(, 123)">LoginPage(, 123)</a> <!-- method navigator-link -->
                      </span>
                      <br/>
                      <span>
                        <img width="3%" src="failed.png"/>
                        <a href="#" class="method navigator-link" panel-name="suite-Suite" title="com.SAFUI.Testscripts.AddNewRuleTestScript" hash-for-method="LoginPage(abc.pqr@gslsaf.com, 123)">LoginPage(abc.pqr@gslsaf.com, 123)</a> <!-- method navigator-link -->
                      </span>
                      <br/>
                      <span>
                        <img width="3%" src="failed.png"/>
                        <a href="#" class="method navigator-link" panel-name="suite-Suite" title="com.SAFUI.Testscripts.AddNewRuleTestScript" hash-for-method="LoginPage(, )">LoginPage(, )</a> <!-- method navigator-link -->
                      </span>
                      <br/>
                      <span>
                        <img width="3%" src="failed.png"/>
                        <a href="#" class="method navigator-link" panel-name="suite-Suite" title="com.SAFUI.Testscripts.AddNewRuleTestScript" hash-for-method="LoginPage(friends@gslgy.com, 6478$3)">LoginPage(friends@gslgy.com, 6478$3)</a> <!-- method navigator-link -->
                      </span>
                      <br/>
                      <span>
                        <img width="3%" src="failed.png"/>
                        <a href="#" class="method navigator-link" panel-name="suite-Suite" title="com.SAFUI.Testscripts.AddNewRuleTestScript" hash-for-method="LoginPage(account_admin@gslsaf.com, )">LoginPage(account_admin@gslsaf.com, )</a> <!-- method navigator-link -->
                      </span>
                      <br/>
                      <span>
                        <img width="3%" src="failed.png"/>
                        <a href="#" class="method navigator-link" panel-name="suite-Suite" title="com.SAFUI.Testscripts.LoginTestScript" hash-for-method="LoginPage(friends@gslgy.com, 6478$3)">LoginPage(friends@gslgy.com, 6478$3)</a> <!-- method navigator-link -->
                      </span>
                      <br/>
                    </div> <!-- method-list-content failed suite-Suite -->
                  </li>
                  <li>
                    <span class="method-list-title passed">Passed methods</span>
                    <span class="show-or-hide-methods passed">
                      <a href="#" panel-name="suite-Suite" class="hide-methods passed suite-Suite"> (hide)</a> <!-- hide-methods passed suite-Suite -->
                      <a href="#" panel-name="suite-Suite" class="show-methods passed suite-Suite"> (show)</a> <!-- show-methods passed suite-Suite -->
                    </span>
                    <div class="method-list-content passed suite-Suite">
                      <span>
                        <img width="3%" src="passed.png"/>
                        <a href="#" class="method navigator-link" panel-name="suite-Suite" title="com.SAFUI.Testscripts.AddNewRuleTestScript" hash-for-method="LoginPage(account_admin@gslsaf.com, 123)">LoginPage(account_admin@gslsaf.com, 123)</a> <!-- method navigator-link -->
                      </span>
                      <br/>
                      <span>
                        <img width="3%" src="passed.png"/>
                        <a href="#" class="method navigator-link" panel-name="suite-Suite" title="com.SAFUI.Testscripts.LoginTestScript" hash-for-method="LoginPage(account_admin@gslsaf.com, 123)">LoginPage(account_admin@gslsaf.com, 123)</a> <!-- method navigator-link -->
                      </span>
                      <br/>
                    </div> <!-- method-list-content passed suite-Suite -->
                  </li>
                </ul>
              </div> <!-- suite-section-content -->
            </div> <!-- result-section -->
          </div> <!-- navigator-suite-content -->
        </div> <!-- rounded-window -->
      </div> <!-- suite -->
    </div> <!-- navigator-root -->
    <div class="wrapper">
      <div class="main-panel-root">
        <div panel-name="suite-Suite" class="panel Suite">
          <div class="suite-Suite-class-failed">
            <div class="main-panel-header rounded-window-top">
              <img src="failed.png"/>
              <span class="class-name">com.SAFUI.Testscripts.AddNewRuleTestScript</span>
            </div> <!-- main-panel-header rounded-window-top -->
            <div class="main-panel-content rounded-window-bottom">
              <div class="method">
                <div class="method-content">
                  <a name="AddNewRuleBtn(fourth rule, IMPORTANT, APMODEL, ~=, AIR-CAP3702I-N-K9, COUNT, CLIENTCOUNT, &gt;=, 100, 30,  %{aggregat...)">
                  </a> <!-- AddNewRuleBtn(fourth rule, IMPORTANT, APMODEL, ~=, AIR-CAP3702I-N-K9, COUNT, CLIENTCOUNT, >=, 100, 30,  %{aggregat...) -->
                  <span class="method-name">AddNewRuleBtn</span>
                  <span class="parameters">(fourth rule, IMPORTANT, APMODEL, ~=, AIR-CAP3702I-N-K9, COUNT, CLIENTCOUNT, >=, 100, 30,  %{aggregation} %{metric} %{expression} %{comparator} %{triggervalue} %{timewindow}, C1, Count of Clientcount)</span>
                  <div class="stack-trace">org.openqa.selenium.WebDriverException: unknown error: Element &lt;a href=&quot;#/ConfigCenter&quot; ng-click=&quot;$root.activePage=&apos;settings&apos;;&quot;&gt;...&lt;/a&gt; is not clickable at point (1369, 25). Other element would receive the click: &lt;div uib-modal-window=&quot;modal-window&quot; class=&quot;modal ng-scope ng-isolate-scope in&quot; role=&quot;dialog&quot; size=&quot;lg&quot; index=&quot;0&quot; animate=&quot;animate&quot; ng-style=&quot;{&apos;z-index&apos;: 1050 + $$topModalIndex*10, display: &apos;block&apos;}&quot; tabindex=&quot;-1&quot; uib-modal-animation-class=&quot;fade&quot; modal-in-class=&quot;in&quot; style=&quot;z-index: 1050; display: block;&quot;&gt;...&lt;/div&gt;
  (Session info: chrome=56.0.2924.87)
  (Driver info: chromedriver=2.27.440174 (e97a722caafc2d3a8b807ee115bfb307f7d2cfd9),platform=Windows NT 6.1.7601 SP1 x86_64) (WARNING: The server did not provide any stacktrace information)
Command duration or timeout: 16 milliseconds
Build info: version: &apos;3.1.0&apos;, revision: &apos;b94c902&apos;, time: &apos;2017-02-16 12:21:31 -0800&apos;
System info: host: &apos;BHUSHAYA&apos;, ip: &apos;10.71.71.93&apos;, os.name: &apos;Windows 7&apos;, os.arch: &apos;amd64&apos;, os.version: &apos;6.1&apos;, java.version: &apos;1.8.0_121&apos;
Driver info: org.openqa.selenium.chrome.ChromeDriver
Capabilities [{applicationCacheEnabled=false, rotatable=false, mobileEmulationEnabled=false, networkConnectionEnabled=false, chrome={chromedriverVersion=2.27.440174 (e97a722caafc2d3a8b807ee115bfb307f7d2cfd9), userDataDir=C:\Users\GSC-30~1\AppData\Local\Temp\scoped_dir3232_18849}, takesHeapSnapshot=true, pageLoadStrategy=normal, databaseEnabled=false, handlesAlerts=true, hasTouchScreen=false, version=56.0.2924.87, platform=XP, browserConnectionEnabled=false, nativeEvents=true, acceptSslCerts=true, locationContextEnabled=true, webStorageEnabled=true, browserName=chrome, takesScreenshot=true, javascriptEnabled=true, cssSelectorsEnabled=true, unexpectedAlertBehaviour=}]
Session ID: 9d4a8e0cb8b8ed939838f9a6a6b49cc4
	at org.openqa.selenium.remote.ErrorHandler.createThrowable(ErrorHandler.java:216)
	at org.openqa.selenium.remote.ErrorHandler.throwIfResponseFailed(ErrorHandler.java:168)
	at org.openqa.selenium.remote.RemoteWebDriver.execute(RemoteWebDriver.java:635)
	at org.openqa.selenium.remote.RemoteWebElement.execute(RemoteWebElement.java:274)
	at org.openqa.selenium.remote.RemoteWebElement.click(RemoteWebElement.java:84)
	at com.SAFUI.Utils.BasePage.click(BasePage.java:101)
	at com.SAFUI.Pages.TopMenu.goToSettingPage(TopMenu.java:27)
	at com.SAFUI.Testscripts.AddNewRuleTestScript.AddNewRuleBtn(AddNewRuleTestScript.java:45)
... Removed 29 stack frames
</div> <!-- stack-trace -->
                </div> <!-- method-content -->
              </div> <!-- method -->
              <div class="method">
                <div class="method-content">
                  <a name="AddNewRuleBtn(Second Rule, NORMAL, tag, ~=, wlc_client_data, SUM, BANDWIDTH, &gt;=, 100, 20,  %{aggregation} %{metric...)">
                  </a> <!-- AddNewRuleBtn(Second Rule, NORMAL, tag, ~=, wlc_client_data, SUM, BANDWIDTH, >=, 100, 20,  %{aggregation} %{metric...) -->
                  <span class="method-name">AddNewRuleBtn</span>
                  <span class="parameters">(Second Rule, NORMAL, tag, ~=, wlc_client_data, SUM, BANDWIDTH, >=, 100, 20,  %{aggregation} %{metric} %{expression} %{comparator} %{triggervalue} %{timewindow}, C1, Bandwidth rule)</span>
                  <div class="stack-trace">org.openqa.selenium.NoSuchElementException: no such element: Unable to locate element: {&quot;method&quot;:&quot;xpath&quot;,&quot;selector&quot;:&quot;//*[contains(text(),&apos;Second Rule&apos;)]&quot;}
  (Session info: chrome=56.0.2924.87)
  (Driver info: chromedriver=2.27.440174 (e97a722caafc2d3a8b807ee115bfb307f7d2cfd9),platform=Windows NT 6.1.7601 SP1 x86_64) (WARNING: The server did not provide any stacktrace information)
Command duration or timeout: 5.03 seconds
For documentation on this error, please visit: http://seleniumhq.org/exceptions/no_such_element.html
Build info: version: &apos;3.1.0&apos;, revision: &apos;b94c902&apos;, time: &apos;2017-02-16 12:21:31 -0800&apos;
System info: host: &apos;BHUSHAYA&apos;, ip: &apos;10.71.71.93&apos;, os.name: &apos;Windows 7&apos;, os.arch: &apos;amd64&apos;, os.version: &apos;6.1&apos;, java.version: &apos;1.8.0_121&apos;
Driver info: org.openqa.selenium.chrome.ChromeDriver
Capabilities [{applicationCacheEnabled=false, rotatable=false, mobileEmulationEnabled=false, networkConnectionEnabled=false, chrome={chromedriverVersion=2.27.440174 (e97a722caafc2d3a8b807ee115bfb307f7d2cfd9), userDataDir=C:\Users\GSC-30~1\AppData\Local\Temp\scoped_dir3232_18849}, takesHeapSnapshot=true, pageLoadStrategy=normal, databaseEnabled=false, handlesAlerts=true, hasTouchScreen=false, version=56.0.2924.87, platform=XP, browserConnectionEnabled=false, nativeEvents=true, acceptSslCerts=true, locationContextEnabled=true, webStorageEnabled=true, browserName=chrome, takesScreenshot=true, javascriptEnabled=true, cssSelectorsEnabled=true, unexpectedAlertBehaviour=}]
Session ID: 9d4a8e0cb8b8ed939838f9a6a6b49cc4
*** Element info: {Using=xpath, value=//*[contains(text(),&apos;Second Rule&apos;)]}
	at org.openqa.selenium.remote.ErrorHandler.createThrowable(ErrorHandler.java:216)
	at org.openqa.selenium.remote.ErrorHandler.throwIfResponseFailed(ErrorHandler.java:168)
	at org.openqa.selenium.remote.RemoteWebDriver.execute(RemoteWebDriver.java:635)
	at org.openqa.selenium.remote.RemoteWebDriver.findElement(RemoteWebDriver.java:368)
	at org.openqa.selenium.remote.RemoteWebDriver.findElementByXPath(RemoteWebDriver.java:473)
	at org.openqa.selenium.By$ByXPath.findElement(By.java:361)
	at org.openqa.selenium.remote.RemoteWebDriver.findElement(RemoteWebDriver.java:360)
	at com.SAFUI.Utils.BasePage.verifyText(BasePage.java:117)
	at com.SAFUI.Pages.SettingPage.verifyText(SettingPage.java:199)
	at com.SAFUI.Testscripts.AddNewRuleTestScript.AddNewRuleBtn(AddNewRuleTestScript.java:64)
... Removed 29 stack frames
</div> <!-- stack-trace -->
                </div> <!-- method-content -->
              </div> <!-- method -->
              <div class="method">
                <div class="method-content">
                  <a name="AddNewRuleBtn(Third rule, CRITICAL, tag, ==, wlc_ap_data, COUNT, APSLOTS, ==, 20, 10,  %{aggregation} %{metric} %{...)">
                  </a> <!-- AddNewRuleBtn(Third rule, CRITICAL, tag, ==, wlc_ap_data, COUNT, APSLOTS, ==, 20, 10,  %{aggregation} %{metric} %{...) -->
                  <span class="method-name">AddNewRuleBtn</span>
                  <span class="parameters">(Third rule, CRITICAL, tag, ==, wlc_ap_data, COUNT, APSLOTS, ==, 20, 10,  %{aggregation} %{metric} %{expression} %{comparator} %{triggervalue} %{timewindow}, C1, Count of users)</span>
                  <div class="stack-trace">org.openqa.selenium.WebDriverException: unknown error: Element &lt;a href=&quot;#/ConfigCenter&quot; ng-click=&quot;$root.activePage=&apos;settings&apos;;&quot;&gt;...&lt;/a&gt; is not clickable at point (1369, 25). Other element would receive the click: &lt;div uib-modal-window=&quot;modal-window&quot; class=&quot;modal ng-scope ng-isolate-scope in&quot; role=&quot;dialog&quot; size=&quot;lg&quot; index=&quot;0&quot; animate=&quot;animate&quot; ng-style=&quot;{&apos;z-index&apos;: 1050 + $$topModalIndex*10, display: &apos;block&apos;}&quot; tabindex=&quot;-1&quot; uib-modal-animation-class=&quot;fade&quot; modal-in-class=&quot;in&quot; style=&quot;z-index: 1050; display: block;&quot;&gt;...&lt;/div&gt;
  (Session info: chrome=56.0.2924.87)
  (Driver info: chromedriver=2.27.440174 (e97a722caafc2d3a8b807ee115bfb307f7d2cfd9),platform=Windows NT 6.1.7601 SP1 x86_64) (WARNING: The server did not provide any stacktrace information)
Command duration or timeout: 45 milliseconds
Build info: version: &apos;3.1.0&apos;, revision: &apos;b94c902&apos;, time: &apos;2017-02-16 12:21:31 -0800&apos;
System info: host: &apos;BHUSHAYA&apos;, ip: &apos;10.71.71.93&apos;, os.name: &apos;Windows 7&apos;, os.arch: &apos;amd64&apos;, os.version: &apos;6.1&apos;, java.version: &apos;1.8.0_121&apos;
Driver info: org.openqa.selenium.chrome.ChromeDriver
Capabilities [{applicationCacheEnabled=false, rotatable=false, mobileEmulationEnabled=false, networkConnectionEnabled=false, chrome={chromedriverVersion=2.27.440174 (e97a722caafc2d3a8b807ee115bfb307f7d2cfd9), userDataDir=C:\Users\GSC-30~1\AppData\Local\Temp\scoped_dir3232_18849}, takesHeapSnapshot=true, pageLoadStrategy=normal, databaseEnabled=false, handlesAlerts=true, hasTouchScreen=false, version=56.0.2924.87, platform=XP, browserConnectionEnabled=false, nativeEvents=true, acceptSslCerts=true, locationContextEnabled=true, webStorageEnabled=true, browserName=chrome, takesScreenshot=true, javascriptEnabled=true, cssSelectorsEnabled=true, unexpectedAlertBehaviour=}]
Session ID: 9d4a8e0cb8b8ed939838f9a6a6b49cc4
	at org.openqa.selenium.remote.ErrorHandler.createThrowable(ErrorHandler.java:216)
	at org.openqa.selenium.remote.ErrorHandler.throwIfResponseFailed(ErrorHandler.java:168)
	at org.openqa.selenium.remote.RemoteWebDriver.execute(RemoteWebDriver.java:635)
	at org.openqa.selenium.remote.RemoteWebElement.execute(RemoteWebElement.java:274)
	at org.openqa.selenium.remote.RemoteWebElement.click(RemoteWebElement.java:84)
	at com.SAFUI.Utils.BasePage.click(BasePage.java:101)
	at com.SAFUI.Pages.TopMenu.goToSettingPage(TopMenu.java:27)
	at com.SAFUI.Testscripts.AddNewRuleTestScript.AddNewRuleBtn(AddNewRuleTestScript.java:45)
... Removed 29 stack frames
</div> <!-- stack-trace -->
                </div> <!-- method-content -->
              </div> <!-- method -->
              <div class="method">
                <div class="method-content">
                  <a name="AddNewRuleBtn(fifth rule, MINOR, Timestamp, &gt;=, 2017-03-03 18:56:55.177+0530, SUM, BANDWIDTH, &gt;=, 100, 20,  %{aggr...)">
                  </a> <!-- AddNewRuleBtn(fifth rule, MINOR, Timestamp, >=, 2017-03-03 18:56:55.177+0530, SUM, BANDWIDTH, >=, 100, 20,  %{aggr...) -->
                  <span class="method-name">AddNewRuleBtn</span>
                  <span class="parameters">(fifth rule, MINOR, Timestamp, >=, 2017-03-03 18:56:55.177+0530, SUM, BANDWIDTH, >=, 100, 20,  %{aggregation} %{metric} %{expression} %{comparator} %{triggervalue} %{timewindow}, C1, Bandwidth rule)</span>
                  <div class="stack-trace">org.openqa.selenium.WebDriverException: unknown error: Element &lt;a href=&quot;#/ConfigCenter&quot; ng-click=&quot;$root.activePage=&apos;settings&apos;;&quot;&gt;...&lt;/a&gt; is not clickable at point (1369, 25). Other element would receive the click: &lt;div uib-modal-window=&quot;modal-window&quot; class=&quot;modal ng-scope ng-isolate-scope in&quot; role=&quot;dialog&quot; size=&quot;lg&quot; index=&quot;0&quot; animate=&quot;animate&quot; ng-style=&quot;{&apos;z-index&apos;: 1050 + $$topModalIndex*10, display: &apos;block&apos;}&quot; tabindex=&quot;-1&quot; uib-modal-animation-class=&quot;fade&quot; modal-in-class=&quot;in&quot; style=&quot;z-index: 1050; display: block;&quot;&gt;...&lt;/div&gt;
  (Session info: chrome=56.0.2924.87)
  (Driver info: chromedriver=2.27.440174 (e97a722caafc2d3a8b807ee115bfb307f7d2cfd9),platform=Windows NT 6.1.7601 SP1 x86_64) (WARNING: The server did not provide any stacktrace information)
Command duration or timeout: 15 milliseconds
Build info: version: &apos;3.1.0&apos;, revision: &apos;b94c902&apos;, time: &apos;2017-02-16 12:21:31 -0800&apos;
System info: host: &apos;BHUSHAYA&apos;, ip: &apos;10.71.71.93&apos;, os.name: &apos;Windows 7&apos;, os.arch: &apos;amd64&apos;, os.version: &apos;6.1&apos;, java.version: &apos;1.8.0_121&apos;
Driver info: org.openqa.selenium.chrome.ChromeDriver
Capabilities [{applicationCacheEnabled=false, rotatable=false, mobileEmulationEnabled=false, networkConnectionEnabled=false, chrome={chromedriverVersion=2.27.440174 (e97a722caafc2d3a8b807ee115bfb307f7d2cfd9), userDataDir=C:\Users\GSC-30~1\AppData\Local\Temp\scoped_dir3232_18849}, takesHeapSnapshot=true, pageLoadStrategy=normal, databaseEnabled=false, handlesAlerts=true, hasTouchScreen=false, version=56.0.2924.87, platform=XP, browserConnectionEnabled=false, nativeEvents=true, acceptSslCerts=true, locationContextEnabled=true, webStorageEnabled=true, browserName=chrome, takesScreenshot=true, javascriptEnabled=true, cssSelectorsEnabled=true, unexpectedAlertBehaviour=}]
Session ID: 9d4a8e0cb8b8ed939838f9a6a6b49cc4
	at org.openqa.selenium.remote.ErrorHandler.createThrowable(ErrorHandler.java:216)
	at org.openqa.selenium.remote.ErrorHandler.throwIfResponseFailed(ErrorHandler.java:168)
	at org.openqa.selenium.remote.RemoteWebDriver.execute(RemoteWebDriver.java:635)
	at org.openqa.selenium.remote.RemoteWebElement.execute(RemoteWebElement.java:274)
	at org.openqa.selenium.remote.RemoteWebElement.click(RemoteWebElement.java:84)
	at com.SAFUI.Utils.BasePage.click(BasePage.java:101)
	at com.SAFUI.Pages.TopMenu.goToSettingPage(TopMenu.java:27)
	at com.SAFUI.Testscripts.AddNewRuleTestScript.AddNewRuleBtn(AddNewRuleTestScript.java:45)
... Removed 29 stack frames
</div> <!-- stack-trace -->
                </div> <!-- method-content -->
              </div> <!-- method -->
              <div class="method">
                <div class="method-content">
                  <a name="AddNewRuleBtn(sixth rule, NORMAL, APNAME, ~=, AA_6F_04, SUM, CLIENTCOUNT, &gt;=, 25, 50,  %{aggregation} %{metric} %{...)">
                  </a> <!-- AddNewRuleBtn(sixth rule, NORMAL, APNAME, ~=, AA_6F_04, SUM, CLIENTCOUNT, >=, 25, 50,  %{aggregation} %{metric} %{...) -->
                  <span class="method-name">AddNewRuleBtn</span>
                  <span class="parameters">(sixth rule, NORMAL, APNAME, ~=, AA_6F_04, SUM, CLIENTCOUNT, >=, 25, 50,  %{aggregation} %{metric} %{expression} %{comparator} %{triggervalue} %{timewindow}, C1, Filter by {APNAME})</span>
                  <div class="stack-trace">org.openqa.selenium.WebDriverException: unknown error: Element &lt;a href=&quot;#/ConfigCenter&quot; ng-click=&quot;$root.activePage=&apos;settings&apos;;&quot;&gt;...&lt;/a&gt; is not clickable at point (1369, 25). Other element would receive the click: &lt;div uib-modal-window=&quot;modal-window&quot; class=&quot;modal ng-scope ng-isolate-scope in&quot; role=&quot;dialog&quot; size=&quot;lg&quot; index=&quot;0&quot; animate=&quot;animate&quot; ng-style=&quot;{&apos;z-index&apos;: 1050 + $$topModalIndex*10, display: &apos;block&apos;}&quot; tabindex=&quot;-1&quot; uib-modal-animation-class=&quot;fade&quot; modal-in-class=&quot;in&quot; style=&quot;z-index: 1050; display: block;&quot;&gt;...&lt;/div&gt;
  (Session info: chrome=56.0.2924.87)
  (Driver info: chromedriver=2.27.440174 (e97a722caafc2d3a8b807ee115bfb307f7d2cfd9),platform=Windows NT 6.1.7601 SP1 x86_64) (WARNING: The server did not provide any stacktrace information)
Command duration or timeout: 17 milliseconds
Build info: version: &apos;3.1.0&apos;, revision: &apos;b94c902&apos;, time: &apos;2017-02-16 12:21:31 -0800&apos;
System info: host: &apos;BHUSHAYA&apos;, ip: &apos;10.71.71.93&apos;, os.name: &apos;Windows 7&apos;, os.arch: &apos;amd64&apos;, os.version: &apos;6.1&apos;, java.version: &apos;1.8.0_121&apos;
Driver info: org.openqa.selenium.chrome.ChromeDriver
Capabilities [{applicationCacheEnabled=false, rotatable=false, mobileEmulationEnabled=false, networkConnectionEnabled=false, chrome={chromedriverVersion=2.27.440174 (e97a722caafc2d3a8b807ee115bfb307f7d2cfd9), userDataDir=C:\Users\GSC-30~1\AppData\Local\Temp\scoped_dir3232_18849}, takesHeapSnapshot=true, pageLoadStrategy=normal, databaseEnabled=false, handlesAlerts=true, hasTouchScreen=false, version=56.0.2924.87, platform=XP, browserConnectionEnabled=false, nativeEvents=true, acceptSslCerts=true, locationContextEnabled=true, webStorageEnabled=true, browserName=chrome, takesScreenshot=true, javascriptEnabled=true, cssSelectorsEnabled=true, unexpectedAlertBehaviour=}]
Session ID: 9d4a8e0cb8b8ed939838f9a6a6b49cc4
	at org.openqa.selenium.remote.ErrorHandler.createThrowable(ErrorHandler.java:216)
	at org.openqa.selenium.remote.ErrorHandler.throwIfResponseFailed(ErrorHandler.java:168)
	at org.openqa.selenium.remote.RemoteWebDriver.execute(RemoteWebDriver.java:635)
	at org.openqa.selenium.remote.RemoteWebElement.execute(RemoteWebElement.java:274)
	at org.openqa.selenium.remote.RemoteWebElement.click(RemoteWebElement.java:84)
	at com.SAFUI.Utils.BasePage.click(BasePage.java:101)
	at com.SAFUI.Pages.TopMenu.goToSettingPage(TopMenu.java:27)
	at com.SAFUI.Testscripts.AddNewRuleTestScript.AddNewRuleBtn(AddNewRuleTestScript.java:45)
... Removed 29 stack frames
</div> <!-- stack-trace -->
                </div> <!-- method-content -->
              </div> <!-- method -->
              <div class="method">
                <div class="method-content">
                  <a name="LoginPage(account_admin@gslsaf.com, 7458$%)">
                  </a> <!-- LoginPage(account_admin@gslsaf.com, 7458$%) -->
                  <span class="method-name">LoginPage</span>
                  <span class="parameters">(account_admin@gslsaf.com, 7458$%)</span>
                  <div class="stack-trace">org.openqa.selenium.NoSuchElementException: no such element: Unable to locate element: {&quot;method&quot;:&quot;xpath&quot;,&quot;selector&quot;:&quot;.//*[@id=&apos;heading&apos;]&quot;}
  (Session info: chrome=56.0.2924.87)
  (Driver info: chromedriver=2.27.440174 (e97a722caafc2d3a8b807ee115bfb307f7d2cfd9),platform=Windows NT 6.1.7601 SP1 x86_64) (WARNING: The server did not provide any stacktrace information)
Command duration or timeout: 5.03 seconds
For documentation on this error, please visit: http://seleniumhq.org/exceptions/no_such_element.html
Build info: version: &apos;3.1.0&apos;, revision: &apos;b94c902&apos;, time: &apos;2017-02-16 12:21:31 -0800&apos;
System info: host: &apos;BHUSHAYA&apos;, ip: &apos;10.71.71.93&apos;, os.name: &apos;Windows 7&apos;, os.arch: &apos;amd64&apos;, os.version: &apos;6.1&apos;, java.version: &apos;1.8.0_121&apos;
Driver info: org.openqa.selenium.chrome.ChromeDriver
Capabilities [{applicationCacheEnabled=false, rotatable=false, mobileEmulationEnabled=false, networkConnectionEnabled=false, chrome={chromedriverVersion=2.27.440174 (e97a722caafc2d3a8b807ee115bfb307f7d2cfd9), userDataDir=C:\Users\GSC-30~1\AppData\Local\Temp\scoped_dir3232_18849}, takesHeapSnapshot=true, pageLoadStrategy=normal, databaseEnabled=false, handlesAlerts=true, hasTouchScreen=false, version=56.0.2924.87, platform=XP, browserConnectionEnabled=false, nativeEvents=true, acceptSslCerts=true, locationContextEnabled=true, webStorageEnabled=true, browserName=chrome, takesScreenshot=true, javascriptEnabled=true, cssSelectorsEnabled=true, unexpectedAlertBehaviour=}]
Session ID: 9d4a8e0cb8b8ed939838f9a6a6b49cc4
*** Element info: {Using=xpath, value=.//*[@id=&apos;heading&apos;]}
	at org.openqa.selenium.remote.ErrorHandler.createThrowable(ErrorHandler.java:216)
	at org.openqa.selenium.remote.ErrorHandler.throwIfResponseFailed(ErrorHandler.java:168)
	at org.openqa.selenium.remote.RemoteWebDriver.execute(RemoteWebDriver.java:635)
	at org.openqa.selenium.remote.RemoteWebDriver.findElement(RemoteWebDriver.java:368)
	at org.openqa.selenium.remote.RemoteWebDriver.findElementByXPath(RemoteWebDriver.java:473)
	at org.openqa.selenium.By$ByXPath.findElement(By.java:361)
	at org.openqa.selenium.remote.RemoteWebDriver.findElement(RemoteWebDriver.java:360)
	at com.SAFUI.Utils.BasePage.verifyLogin(BasePage.java:131)
	at com.SAFUI.Pages.LoginPage.isElementPresent(LoginPage.java:37)
	at com.SAFUI.Testscripts.AddNewRuleTestScript.LoginPage(AddNewRuleTestScript.java:34)
... Removed 29 stack frames
</div> <!-- stack-trace -->
                </div> <!-- method-content -->
              </div> <!-- method -->
              <div class="method">
                <div class="method-content">
                  <a name="LoginPage(, 123)">
                  </a> <!-- LoginPage(, 123) -->
                  <span class="method-name">LoginPage</span>
                  <span class="parameters">(, 123)</span>
                  <div class="stack-trace">org.openqa.selenium.NoSuchElementException: no such element: Unable to locate element: {&quot;method&quot;:&quot;xpath&quot;,&quot;selector&quot;:&quot;.//*[@id=&apos;heading&apos;]&quot;}
  (Session info: chrome=56.0.2924.87)
  (Driver info: chromedriver=2.27.440174 (e97a722caafc2d3a8b807ee115bfb307f7d2cfd9),platform=Windows NT 6.1.7601 SP1 x86_64) (WARNING: The server did not provide any stacktrace information)
Command duration or timeout: 5.04 seconds
For documentation on this error, please visit: http://seleniumhq.org/exceptions/no_such_element.html
Build info: version: &apos;3.1.0&apos;, revision: &apos;b94c902&apos;, time: &apos;2017-02-16 12:21:31 -0800&apos;
System info: host: &apos;BHUSHAYA&apos;, ip: &apos;10.71.71.93&apos;, os.name: &apos;Windows 7&apos;, os.arch: &apos;amd64&apos;, os.version: &apos;6.1&apos;, java.version: &apos;1.8.0_121&apos;
Driver info: org.openqa.selenium.chrome.ChromeDriver
Capabilities [{applicationCacheEnabled=false, rotatable=false, mobileEmulationEnabled=false, networkConnectionEnabled=false, chrome={chromedriverVersion=2.27.440174 (e97a722caafc2d3a8b807ee115bfb307f7d2cfd9), userDataDir=C:\Users\GSC-30~1\AppData\Local\Temp\scoped_dir3232_18849}, takesHeapSnapshot=true, pageLoadStrategy=normal, databaseEnabled=false, handlesAlerts=true, hasTouchScreen=false, version=56.0.2924.87, platform=XP, browserConnectionEnabled=false, nativeEvents=true, acceptSslCerts=true, locationContextEnabled=true, webStorageEnabled=true, browserName=chrome, takesScreenshot=true, javascriptEnabled=true, cssSelectorsEnabled=true, unexpectedAlertBehaviour=}]
Session ID: 9d4a8e0cb8b8ed939838f9a6a6b49cc4
*** Element info: {Using=xpath, value=.//*[@id=&apos;heading&apos;]}
	at org.openqa.selenium.remote.ErrorHandler.createThrowable(ErrorHandler.java:216)
	at org.openqa.selenium.remote.ErrorHandler.throwIfResponseFailed(ErrorHandler.java:168)
	at org.openqa.selenium.remote.RemoteWebDriver.execute(RemoteWebDriver.java:635)
	at org.openqa.selenium.remote.RemoteWebDriver.findElement(RemoteWebDriver.java:368)
	at org.openqa.selenium.remote.RemoteWebDriver.findElementByXPath(RemoteWebDriver.java:473)
	at org.openqa.selenium.By$ByXPath.findElement(By.java:361)
	at org.openqa.selenium.remote.RemoteWebDriver.findElement(RemoteWebDriver.java:360)
	at com.SAFUI.Utils.BasePage.verifyLogin(BasePage.java:131)
	at com.SAFUI.Pages.LoginPage.isElementPresent(LoginPage.java:37)
	at com.SAFUI.Testscripts.AddNewRuleTestScript.LoginPage(AddNewRuleTestScript.java:34)
... Removed 29 stack frames
</div> <!-- stack-trace -->
                </div> <!-- method-content -->
              </div> <!-- method -->
              <div class="method">
                <div class="method-content">
                  <a name="LoginPage(abc.pqr@gslsaf.com, 123)">
                  </a> <!-- LoginPage(abc.pqr@gslsaf.com, 123) -->
                  <span class="method-name">LoginPage</span>
                  <span class="parameters">(abc.pqr@gslsaf.com, 123)</span>
                  <div class="stack-trace">org.openqa.selenium.NoSuchElementException: no such element: Unable to locate element: {&quot;method&quot;:&quot;xpath&quot;,&quot;selector&quot;:&quot;.//*[@id=&apos;heading&apos;]&quot;}
  (Session info: chrome=56.0.2924.87)
  (Driver info: chromedriver=2.27.440174 (e97a722caafc2d3a8b807ee115bfb307f7d2cfd9),platform=Windows NT 6.1.7601 SP1 x86_64) (WARNING: The server did not provide any stacktrace information)
Command duration or timeout: 5.05 seconds
For documentation on this error, please visit: http://seleniumhq.org/exceptions/no_such_element.html
Build info: version: &apos;3.1.0&apos;, revision: &apos;b94c902&apos;, time: &apos;2017-02-16 12:21:31 -0800&apos;
System info: host: &apos;BHUSHAYA&apos;, ip: &apos;10.71.71.93&apos;, os.name: &apos;Windows 7&apos;, os.arch: &apos;amd64&apos;, os.version: &apos;6.1&apos;, java.version: &apos;1.8.0_121&apos;
Driver info: org.openqa.selenium.chrome.ChromeDriver
Capabilities [{applicationCacheEnabled=false, rotatable=false, mobileEmulationEnabled=false, networkConnectionEnabled=false, chrome={chromedriverVersion=2.27.440174 (e97a722caafc2d3a8b807ee115bfb307f7d2cfd9), userDataDir=C:\Users\GSC-30~1\AppData\Local\Temp\scoped_dir3232_18849}, takesHeapSnapshot=true, pageLoadStrategy=normal, databaseEnabled=false, handlesAlerts=true, hasTouchScreen=false, version=56.0.2924.87, platform=XP, browserConnectionEnabled=false, nativeEvents=true, acceptSslCerts=true, locationContextEnabled=true, webStorageEnabled=true, browserName=chrome, takesScreenshot=true, javascriptEnabled=true, cssSelectorsEnabled=true, unexpectedAlertBehaviour=}]
Session ID: 9d4a8e0cb8b8ed939838f9a6a6b49cc4
*** Element info: {Using=xpath, value=.//*[@id=&apos;heading&apos;]}
	at org.openqa.selenium.remote.ErrorHandler.createThrowable(ErrorHandler.java:216)
	at org.openqa.selenium.remote.ErrorHandler.throwIfResponseFailed(ErrorHandler.java:168)
	at org.openqa.selenium.remote.RemoteWebDriver.execute(RemoteWebDriver.java:635)
	at org.openqa.selenium.remote.RemoteWebDriver.findElement(RemoteWebDriver.java:368)
	at org.openqa.selenium.remote.RemoteWebDriver.findElementByXPath(RemoteWebDriver.java:473)
	at org.openqa.selenium.By$ByXPath.findElement(By.java:361)
	at org.openqa.selenium.remote.RemoteWebDriver.findElement(RemoteWebDriver.java:360)
	at com.SAFUI.Utils.BasePage.verifyLogin(BasePage.java:131)
	at com.SAFUI.Pages.LoginPage.isElementPresent(LoginPage.java:37)
	at com.SAFUI.Testscripts.AddNewRuleTestScript.LoginPage(AddNewRuleTestScript.java:34)
... Removed 29 stack frames
</div> <!-- stack-trace -->
                </div> <!-- method-content -->
              </div> <!-- method -->
              <div class="method">
                <div class="method-content">
                  <a name="LoginPage(, )">
                  </a> <!-- LoginPage(, ) -->
                  <span class="method-name">LoginPage</span>
                  <span class="parameters">(, )</span>
                  <div class="stack-trace">org.openqa.selenium.NoSuchElementException: no such element: Unable to locate element: {&quot;method&quot;:&quot;xpath&quot;,&quot;selector&quot;:&quot;.//*[@id=&apos;heading&apos;]&quot;}
  (Session info: chrome=56.0.2924.87)
  (Driver info: chromedriver=2.27.440174 (e97a722caafc2d3a8b807ee115bfb307f7d2cfd9),platform=Windows NT 6.1.7601 SP1 x86_64) (WARNING: The server did not provide any stacktrace information)
Command duration or timeout: 5.01 seconds
For documentation on this error, please visit: http://seleniumhq.org/exceptions/no_such_element.html
Build info: version: &apos;3.1.0&apos;, revision: &apos;b94c902&apos;, time: &apos;2017-02-16 12:21:31 -0800&apos;
System info: host: &apos;BHUSHAYA&apos;, ip: &apos;10.71.71.93&apos;, os.name: &apos;Windows 7&apos;, os.arch: &apos;amd64&apos;, os.version: &apos;6.1&apos;, java.version: &apos;1.8.0_121&apos;
Driver info: org.openqa.selenium.chrome.ChromeDriver
Capabilities [{applicationCacheEnabled=false, rotatable=false, mobileEmulationEnabled=false, networkConnectionEnabled=false, chrome={chromedriverVersion=2.27.440174 (e97a722caafc2d3a8b807ee115bfb307f7d2cfd9), userDataDir=C:\Users\GSC-30~1\AppData\Local\Temp\scoped_dir3232_18849}, takesHeapSnapshot=true, pageLoadStrategy=normal, databaseEnabled=false, handlesAlerts=true, hasTouchScreen=false, version=56.0.2924.87, platform=XP, browserConnectionEnabled=false, nativeEvents=true, acceptSslCerts=true, locationContextEnabled=true, webStorageEnabled=true, browserName=chrome, takesScreenshot=true, javascriptEnabled=true, cssSelectorsEnabled=true, unexpectedAlertBehaviour=}]
Session ID: 9d4a8e0cb8b8ed939838f9a6a6b49cc4
*** Element info: {Using=xpath, value=.//*[@id=&apos;heading&apos;]}
	at org.openqa.selenium.remote.ErrorHandler.createThrowable(ErrorHandler.java:216)
	at org.openqa.selenium.remote.ErrorHandler.throwIfResponseFailed(ErrorHandler.java:168)
	at org.openqa.selenium.remote.RemoteWebDriver.execute(RemoteWebDriver.java:635)
	at org.openqa.selenium.remote.RemoteWebDriver.findElement(RemoteWebDriver.java:368)
	at org.openqa.selenium.remote.RemoteWebDriver.findElementByXPath(RemoteWebDriver.java:473)
	at org.openqa.selenium.By$ByXPath.findElement(By.java:361)
	at org.openqa.selenium.remote.RemoteWebDriver.findElement(RemoteWebDriver.java:360)
	at com.SAFUI.Utils.BasePage.verifyLogin(BasePage.java:131)
	at com.SAFUI.Pages.LoginPage.isElementPresent(LoginPage.java:37)
	at com.SAFUI.Testscripts.AddNewRuleTestScript.LoginPage(AddNewRuleTestScript.java:34)
... Removed 29 stack frames
</div> <!-- stack-trace -->
                </div> <!-- method-content -->
              </div> <!-- method -->
              <div class="method">
                <div class="method-content">
                  <a name="LoginPage(friends@gslgy.com, 6478$3)">
                  </a> <!-- LoginPage(friends@gslgy.com, 6478$3) -->
                  <span class="method-name">LoginPage</span>
                  <span class="parameters">(friends@gslgy.com, 6478$3)</span>
                  <div class="stack-trace">org.openqa.selenium.NoSuchElementException: no such element: Unable to locate element: {&quot;method&quot;:&quot;xpath&quot;,&quot;selector&quot;:&quot;.//*[@id=&apos;heading&apos;]&quot;}
  (Session info: chrome=56.0.2924.87)
  (Driver info: chromedriver=2.27.440174 (e97a722caafc2d3a8b807ee115bfb307f7d2cfd9),platform=Windows NT 6.1.7601 SP1 x86_64) (WARNING: The server did not provide any stacktrace information)
Command duration or timeout: 5.02 seconds
For documentation on this error, please visit: http://seleniumhq.org/exceptions/no_such_element.html
Build info: version: &apos;3.1.0&apos;, revision: &apos;b94c902&apos;, time: &apos;2017-02-16 12:21:31 -0800&apos;
System info: host: &apos;BHUSHAYA&apos;, ip: &apos;10.71.71.93&apos;, os.name: &apos;Windows 7&apos;, os.arch: &apos;amd64&apos;, os.version: &apos;6.1&apos;, java.version: &apos;1.8.0_121&apos;
Driver info: org.openqa.selenium.chrome.ChromeDriver
Capabilities [{applicationCacheEnabled=false, rotatable=false, mobileEmulationEnabled=false, networkConnectionEnabled=false, chrome={chromedriverVersion=2.27.440174 (e97a722caafc2d3a8b807ee115bfb307f7d2cfd9), userDataDir=C:\Users\GSC-30~1\AppData\Local\Temp\scoped_dir3232_18849}, takesHeapSnapshot=true, pageLoadStrategy=normal, databaseEnabled=false, handlesAlerts=true, hasTouchScreen=false, version=56.0.2924.87, platform=XP, browserConnectionEnabled=false, nativeEvents=true, acceptSslCerts=true, locationContextEnabled=true, webStorageEnabled=true, browserName=chrome, takesScreenshot=true, javascriptEnabled=true, cssSelectorsEnabled=true, unexpectedAlertBehaviour=}]
Session ID: 9d4a8e0cb8b8ed939838f9a6a6b49cc4
*** Element info: {Using=xpath, value=.//*[@id=&apos;heading&apos;]}
	at org.openqa.selenium.remote.ErrorHandler.createThrowable(ErrorHandler.java:216)
	at org.openqa.selenium.remote.ErrorHandler.throwIfResponseFailed(ErrorHandler.java:168)
	at org.openqa.selenium.remote.RemoteWebDriver.execute(RemoteWebDriver.java:635)
	at org.openqa.selenium.remote.RemoteWebDriver.findElement(RemoteWebDriver.java:368)
	at org.openqa.selenium.remote.RemoteWebDriver.findElementByXPath(RemoteWebDriver.java:473)
	at org.openqa.selenium.By$ByXPath.findElement(By.java:361)
	at org.openqa.selenium.remote.RemoteWebDriver.findElement(RemoteWebDriver.java:360)
	at com.SAFUI.Utils.BasePage.verifyLogin(BasePage.java:131)
	at com.SAFUI.Pages.LoginPage.isElementPresent(LoginPage.java:37)
	at com.SAFUI.Testscripts.AddNewRuleTestScript.LoginPage(AddNewRuleTestScript.java:34)
... Removed 29 stack frames
</div> <!-- stack-trace -->
                </div> <!-- method-content -->
              </div> <!-- method -->
              <div class="method">
                <div class="method-content">
                  <a name="LoginPage(account_admin@gslsaf.com, )">
                  </a> <!-- LoginPage(account_admin@gslsaf.com, ) -->
                  <span class="method-name">LoginPage</span>
                  <span class="parameters">(account_admin@gslsaf.com, )</span>
                  <div class="stack-trace">org.openqa.selenium.NoSuchElementException: no such element: Unable to locate element: {&quot;method&quot;:&quot;xpath&quot;,&quot;selector&quot;:&quot;.//*[@id=&apos;heading&apos;]&quot;}
  (Session info: chrome=56.0.2924.87)
  (Driver info: chromedriver=2.27.440174 (e97a722caafc2d3a8b807ee115bfb307f7d2cfd9),platform=Windows NT 6.1.7601 SP1 x86_64) (WARNING: The server did not provide any stacktrace information)
Command duration or timeout: 5.05 seconds
For documentation on this error, please visit: http://seleniumhq.org/exceptions/no_such_element.html
Build info: version: &apos;3.1.0&apos;, revision: &apos;b94c902&apos;, time: &apos;2017-02-16 12:21:31 -0800&apos;
System info: host: &apos;BHUSHAYA&apos;, ip: &apos;10.71.71.93&apos;, os.name: &apos;Windows 7&apos;, os.arch: &apos;amd64&apos;, os.version: &apos;6.1&apos;, java.version: &apos;1.8.0_121&apos;
Driver info: org.openqa.selenium.chrome.ChromeDriver
Capabilities [{applicationCacheEnabled=false, rotatable=false, mobileEmulationEnabled=false, networkConnectionEnabled=false, chrome={chromedriverVersion=2.27.440174 (e97a722caafc2d3a8b807ee115bfb307f7d2cfd9), userDataDir=C:\Users\GSC-30~1\AppData\Local\Temp\scoped_dir3232_18849}, takesHeapSnapshot=true, pageLoadStrategy=normal, databaseEnabled=false, handlesAlerts=true, hasTouchScreen=false, version=56.0.2924.87, platform=XP, browserConnectionEnabled=false, nativeEvents=true, acceptSslCerts=true, locationContextEnabled=true, webStorageEnabled=true, browserName=chrome, takesScreenshot=true, javascriptEnabled=true, cssSelectorsEnabled=true, unexpectedAlertBehaviour=}]
Session ID: 9d4a8e0cb8b8ed939838f9a6a6b49cc4
*** Element info: {Using=xpath, value=.//*[@id=&apos;heading&apos;]}
	at org.openqa.selenium.remote.ErrorHandler.createThrowable(ErrorHandler.java:216)
	at org.openqa.selenium.remote.ErrorHandler.throwIfResponseFailed(ErrorHandler.java:168)
	at org.openqa.selenium.remote.RemoteWebDriver.execute(RemoteWebDriver.java:635)
	at org.openqa.selenium.remote.RemoteWebDriver.findElement(RemoteWebDriver.java:368)
	at org.openqa.selenium.remote.RemoteWebDriver.findElementByXPath(RemoteWebDriver.java:473)
	at org.openqa.selenium.By$ByXPath.findElement(By.java:361)
	at org.openqa.selenium.remote.RemoteWebDriver.findElement(RemoteWebDriver.java:360)
	at com.SAFUI.Utils.BasePage.verifyLogin(BasePage.java:131)
	at com.SAFUI.Pages.LoginPage.isElementPresent(LoginPage.java:37)
	at com.SAFUI.Testscripts.AddNewRuleTestScript.LoginPage(AddNewRuleTestScript.java:34)
... Removed 29 stack frames
</div> <!-- stack-trace -->
                </div> <!-- method-content -->
              </div> <!-- method -->
            </div> <!-- main-panel-content rounded-window-bottom -->
          </div> <!-- suite-Suite-class-failed -->
          <div class="suite-Suite-class-failed">
            <div class="main-panel-header rounded-window-top">
              <img src="failed.png"/>
              <span class="class-name">com.SAFUI.Testscripts.LoginTestScript</span>
            </div> <!-- main-panel-header rounded-window-top -->
            <div class="main-panel-content rounded-window-bottom">
              <div class="method">
                <div class="method-content">
                  <a name="LoginPage(account_admin@gslsaf.com, 7458$%)">
                  </a> <!-- LoginPage(account_admin@gslsaf.com, 7458$%) -->
                  <span class="method-name">LoginPage</span>
                  <span class="parameters">(account_admin@gslsaf.com, 7458$%)</span>
                  <div class="stack-trace">org.openqa.selenium.NoSuchElementException: no such element: Unable to locate element: {&quot;method&quot;:&quot;xpath&quot;,&quot;selector&quot;:&quot;.//*[@id=&apos;heading&apos;]&quot;}
  (Session info: chrome=56.0.2924.87)
  (Driver info: chromedriver=2.27.440174 (e97a722caafc2d3a8b807ee115bfb307f7d2cfd9),platform=Windows NT 6.1.7601 SP1 x86_64) (WARNING: The server did not provide any stacktrace information)
Command duration or timeout: 5.07 seconds
For documentation on this error, please visit: http://seleniumhq.org/exceptions/no_such_element.html
Build info: version: &apos;3.1.0&apos;, revision: &apos;b94c902&apos;, time: &apos;2017-02-16 12:21:31 -0800&apos;
System info: host: &apos;BHUSHAYA&apos;, ip: &apos;10.71.71.93&apos;, os.name: &apos;Windows 7&apos;, os.arch: &apos;amd64&apos;, os.version: &apos;6.1&apos;, java.version: &apos;1.8.0_121&apos;
Driver info: org.openqa.selenium.chrome.ChromeDriver
Capabilities [{applicationCacheEnabled=false, rotatable=false, mobileEmulationEnabled=false, networkConnectionEnabled=false, chrome={chromedriverVersion=2.27.440174 (e97a722caafc2d3a8b807ee115bfb307f7d2cfd9), userDataDir=C:\Users\GSC-30~1\AppData\Local\Temp\scoped_dir9928_6770}, takesHeapSnapshot=true, pageLoadStrategy=normal, databaseEnabled=false, handlesAlerts=true, hasTouchScreen=false, version=56.0.2924.87, platform=XP, browserConnectionEnabled=false, nativeEvents=true, acceptSslCerts=true, locationContextEnabled=true, webStorageEnabled=true, browserName=chrome, takesScreenshot=true, javascriptEnabled=true, cssSelectorsEnabled=true, unexpectedAlertBehaviour=}]
Session ID: 3165785bb6107c35262d6e37c46b022c
*** Element info: {Using=xpath, value=.//*[@id=&apos;heading&apos;]}
	at org.openqa.selenium.remote.ErrorHandler.createThrowable(ErrorHandler.java:216)
	at org.openqa.selenium.remote.ErrorHandler.throwIfResponseFailed(ErrorHandler.java:168)
	at org.openqa.selenium.remote.RemoteWebDriver.execute(RemoteWebDriver.java:635)
	at org.openqa.selenium.remote.RemoteWebDriver.findElement(RemoteWebDriver.java:368)
	at org.openqa.selenium.remote.RemoteWebDriver.findElementByXPath(RemoteWebDriver.java:473)
	at org.openqa.selenium.By$ByXPath.findElement(By.java:361)
	at org.openqa.selenium.remote.RemoteWebDriver.findElement(RemoteWebDriver.java:360)
	at com.SAFUI.Utils.BasePage.verifyLogin(BasePage.java:131)
	at com.SAFUI.Pages.LoginPage.isElementPresent(LoginPage.java:37)
	at com.SAFUI.Testscripts.LoginTestScript.LoginPage(LoginTestScript.java:30)
... Removed 29 stack frames
</div> <!-- stack-trace -->
                </div> <!-- method-content -->
              </div> <!-- method -->
              <div class="method">
                <div class="method-content">
                  <a name="LoginPage(account_admin@gslsaf.com, )">
                  </a> <!-- LoginPage(account_admin@gslsaf.com, ) -->
                  <span class="method-name">LoginPage</span>
                  <span class="parameters">(account_admin@gslsaf.com, )</span>
                  <div class="stack-trace">org.openqa.selenium.NoSuchElementException: no such element: Unable to locate element: {&quot;method&quot;:&quot;xpath&quot;,&quot;selector&quot;:&quot;.//*[@id=&apos;heading&apos;]&quot;}
  (Session info: chrome=56.0.2924.87)
  (Driver info: chromedriver=2.27.440174 (e97a722caafc2d3a8b807ee115bfb307f7d2cfd9),platform=Windows NT 6.1.7601 SP1 x86_64) (WARNING: The server did not provide any stacktrace information)
Command duration or timeout: 5.06 seconds
For documentation on this error, please visit: http://seleniumhq.org/exceptions/no_such_element.html
Build info: version: &apos;3.1.0&apos;, revision: &apos;b94c902&apos;, time: &apos;2017-02-16 12:21:31 -0800&apos;
System info: host: &apos;BHUSHAYA&apos;, ip: &apos;10.71.71.93&apos;, os.name: &apos;Windows 7&apos;, os.arch: &apos;amd64&apos;, os.version: &apos;6.1&apos;, java.version: &apos;1.8.0_121&apos;
Driver info: org.openqa.selenium.chrome.ChromeDriver
Capabilities [{applicationCacheEnabled=false, rotatable=false, mobileEmulationEnabled=false, networkConnectionEnabled=false, chrome={chromedriverVersion=2.27.440174 (e97a722caafc2d3a8b807ee115bfb307f7d2cfd9), userDataDir=C:\Users\GSC-30~1\AppData\Local\Temp\scoped_dir9928_6770}, takesHeapSnapshot=true, pageLoadStrategy=normal, databaseEnabled=false, handlesAlerts=true, hasTouchScreen=false, version=56.0.2924.87, platform=XP, browserConnectionEnabled=false, nativeEvents=true, acceptSslCerts=true, locationContextEnabled=true, webStorageEnabled=true, browserName=chrome, takesScreenshot=true, javascriptEnabled=true, cssSelectorsEnabled=true, unexpectedAlertBehaviour=}]
Session ID: 3165785bb6107c35262d6e37c46b022c
*** Element info: {Using=xpath, value=.//*[@id=&apos;heading&apos;]}
	at org.openqa.selenium.remote.ErrorHandler.createThrowable(ErrorHandler.java:216)
	at org.openqa.selenium.remote.ErrorHandler.throwIfResponseFailed(ErrorHandler.java:168)
	at org.openqa.selenium.remote.RemoteWebDriver.execute(RemoteWebDriver.java:635)
	at org.openqa.selenium.remote.RemoteWebDriver.findElement(RemoteWebDriver.java:368)
	at org.openqa.selenium.remote.RemoteWebDriver.findElementByXPath(RemoteWebDriver.java:473)
	at org.openqa.selenium.By$ByXPath.findElement(By.java:361)
	at org.openqa.selenium.remote.RemoteWebDriver.findElement(RemoteWebDriver.java:360)
	at com.SAFUI.Utils.BasePage.verifyLogin(BasePage.java:131)
	at com.SAFUI.Pages.LoginPage.isElementPresent(LoginPage.java:37)
	at com.SAFUI.Testscripts.LoginTestScript.LoginPage(LoginTestScript.java:30)
... Removed 29 stack frames
</div> <!-- stack-trace -->
                </div> <!-- method-content -->
              </div> <!-- method -->
              <div class="method">
                <div class="method-content">
                  <a name="LoginPage(, )">
                  </a> <!-- LoginPage(, ) -->
                  <span class="method-name">LoginPage</span>
                  <span class="parameters">(, )</span>
                  <div class="stack-trace">org.openqa.selenium.NoSuchElementException: no such element: Unable to locate element: {&quot;method&quot;:&quot;xpath&quot;,&quot;selector&quot;:&quot;.//*[@id=&apos;heading&apos;]&quot;}
  (Session info: chrome=56.0.2924.87)
  (Driver info: chromedriver=2.27.440174 (e97a722caafc2d3a8b807ee115bfb307f7d2cfd9),platform=Windows NT 6.1.7601 SP1 x86_64) (WARNING: The server did not provide any stacktrace information)
Command duration or timeout: 5.02 seconds
For documentation on this error, please visit: http://seleniumhq.org/exceptions/no_such_element.html
Build info: version: &apos;3.1.0&apos;, revision: &apos;b94c902&apos;, time: &apos;2017-02-16 12:21:31 -0800&apos;
System info: host: &apos;BHUSHAYA&apos;, ip: &apos;10.71.71.93&apos;, os.name: &apos;Windows 7&apos;, os.arch: &apos;amd64&apos;, os.version: &apos;6.1&apos;, java.version: &apos;1.8.0_121&apos;
Driver info: org.openqa.selenium.chrome.ChromeDriver
Capabilities [{applicationCacheEnabled=false, rotatable=false, mobileEmulationEnabled=false, networkConnectionEnabled=false, chrome={chromedriverVersion=2.27.440174 (e97a722caafc2d3a8b807ee115bfb307f7d2cfd9), userDataDir=C:\Users\GSC-30~1\AppData\Local\Temp\scoped_dir9928_6770}, takesHeapSnapshot=true, pageLoadStrategy=normal, databaseEnabled=false, handlesAlerts=true, hasTouchScreen=false, version=56.0.2924.87, platform=XP, browserConnectionEnabled=false, nativeEvents=true, acceptSslCerts=true, locationContextEnabled=true, webStorageEnabled=true, browserName=chrome, takesScreenshot=true, javascriptEnabled=true, cssSelectorsEnabled=true, unexpectedAlertBehaviour=}]
Session ID: 3165785bb6107c35262d6e37c46b022c
*** Element info: {Using=xpath, value=.//*[@id=&apos;heading&apos;]}
	at org.openqa.selenium.remote.ErrorHandler.createThrowable(ErrorHandler.java:216)
	at org.openqa.selenium.remote.ErrorHandler.throwIfResponseFailed(ErrorHandler.java:168)
	at org.openqa.selenium.remote.RemoteWebDriver.execute(RemoteWebDriver.java:635)
	at org.openqa.selenium.remote.RemoteWebDriver.findElement(RemoteWebDriver.java:368)
	at org.openqa.selenium.remote.RemoteWebDriver.findElementByXPath(RemoteWebDriver.java:473)
	at org.openqa.selenium.By$ByXPath.findElement(By.java:361)
	at org.openqa.selenium.remote.RemoteWebDriver.findElement(RemoteWebDriver.java:360)
	at com.SAFUI.Utils.BasePage.verifyLogin(BasePage.java:131)
	at com.SAFUI.Pages.LoginPage.isElementPresent(LoginPage.java:37)
	at com.SAFUI.Testscripts.LoginTestScript.LoginPage(LoginTestScript.java:30)
... Removed 29 stack frames
</div> <!-- stack-trace -->
                </div> <!-- method-content -->
              </div> <!-- method -->
              <div class="method">
                <div class="method-content">
                  <a name="LoginPage(abc.pqr@gslsaf.com, 123)">
                  </a> <!-- LoginPage(abc.pqr@gslsaf.com, 123) -->
                  <span class="method-name">LoginPage</span>
                  <span class="parameters">(abc.pqr@gslsaf.com, 123)</span>
                  <div class="stack-trace">org.openqa.selenium.NoSuchElementException: no such element: Unable to locate element: {&quot;method&quot;:&quot;xpath&quot;,&quot;selector&quot;:&quot;.//*[@id=&apos;heading&apos;]&quot;}
  (Session info: chrome=56.0.2924.87)
  (Driver info: chromedriver=2.27.440174 (e97a722caafc2d3a8b807ee115bfb307f7d2cfd9),platform=Windows NT 6.1.7601 SP1 x86_64) (WARNING: The server did not provide any stacktrace information)
Command duration or timeout: 5.02 seconds
For documentation on this error, please visit: http://seleniumhq.org/exceptions/no_such_element.html
Build info: version: &apos;3.1.0&apos;, revision: &apos;b94c902&apos;, time: &apos;2017-02-16 12:21:31 -0800&apos;
System info: host: &apos;BHUSHAYA&apos;, ip: &apos;10.71.71.93&apos;, os.name: &apos;Windows 7&apos;, os.arch: &apos;amd64&apos;, os.version: &apos;6.1&apos;, java.version: &apos;1.8.0_121&apos;
Driver info: org.openqa.selenium.chrome.ChromeDriver
Capabilities [{applicationCacheEnabled=false, rotatable=false, mobileEmulationEnabled=false, networkConnectionEnabled=false, chrome={chromedriverVersion=2.27.440174 (e97a722caafc2d3a8b807ee115bfb307f7d2cfd9), userDataDir=C:\Users\GSC-30~1\AppData\Local\Temp\scoped_dir9928_6770}, takesHeapSnapshot=true, pageLoadStrategy=normal, databaseEnabled=false, handlesAlerts=true, hasTouchScreen=false, version=56.0.2924.87, platform=XP, browserConnectionEnabled=false, nativeEvents=true, acceptSslCerts=true, locationContextEnabled=true, webStorageEnabled=true, browserName=chrome, takesScreenshot=true, javascriptEnabled=true, cssSelectorsEnabled=true, unexpectedAlertBehaviour=}]
Session ID: 3165785bb6107c35262d6e37c46b022c
*** Element info: {Using=xpath, value=.//*[@id=&apos;heading&apos;]}
	at org.openqa.selenium.remote.ErrorHandler.createThrowable(ErrorHandler.java:216)
	at org.openqa.selenium.remote.ErrorHandler.throwIfResponseFailed(ErrorHandler.java:168)
	at org.openqa.selenium.remote.RemoteWebDriver.execute(RemoteWebDriver.java:635)
	at org.openqa.selenium.remote.RemoteWebDriver.findElement(RemoteWebDriver.java:368)
	at org.openqa.selenium.remote.RemoteWebDriver.findElementByXPath(RemoteWebDriver.java:473)
	at org.openqa.selenium.By$ByXPath.findElement(By.java:361)
	at org.openqa.selenium.remote.RemoteWebDriver.findElement(RemoteWebDriver.java:360)
	at com.SAFUI.Utils.BasePage.verifyLogin(BasePage.java:131)
	at com.SAFUI.Pages.LoginPage.isElementPresent(LoginPage.java:37)
	at com.SAFUI.Testscripts.LoginTestScript.LoginPage(LoginTestScript.java:30)
... Removed 29 stack frames
</div> <!-- stack-trace -->
                </div> <!-- method-content -->
              </div> <!-- method -->
              <div class="method">
                <div class="method-content">
                  <a name="LoginPage(, 123)">
                  </a> <!-- LoginPage(, 123) -->
                  <span class="method-name">LoginPage</span>
                  <span class="parameters">(, 123)</span>
                  <div class="stack-trace">org.openqa.selenium.NoSuchElementException: no such element: Unable to locate element: {&quot;method&quot;:&quot;xpath&quot;,&quot;selector&quot;:&quot;.//*[@id=&apos;heading&apos;]&quot;}
  (Session info: chrome=56.0.2924.87)
  (Driver info: chromedriver=2.27.440174 (e97a722caafc2d3a8b807ee115bfb307f7d2cfd9),platform=Windows NT 6.1.7601 SP1 x86_64) (WARNING: The server did not provide any stacktrace information)
Command duration or timeout: 5.02 seconds
For documentation on this error, please visit: http://seleniumhq.org/exceptions/no_such_element.html
Build info: version: &apos;3.1.0&apos;, revision: &apos;b94c902&apos;, time: &apos;2017-02-16 12:21:31 -0800&apos;
System info: host: &apos;BHUSHAYA&apos;, ip: &apos;10.71.71.93&apos;, os.name: &apos;Windows 7&apos;, os.arch: &apos;amd64&apos;, os.version: &apos;6.1&apos;, java.version: &apos;1.8.0_121&apos;
Driver info: org.openqa.selenium.chrome.ChromeDriver
Capabilities [{applicationCacheEnabled=false, rotatable=false, mobileEmulationEnabled=false, networkConnectionEnabled=false, chrome={chromedriverVersion=2.27.440174 (e97a722caafc2d3a8b807ee115bfb307f7d2cfd9), userDataDir=C:\Users\GSC-30~1\AppData\Local\Temp\scoped_dir9928_6770}, takesHeapSnapshot=true, pageLoadStrategy=normal, databaseEnabled=false, handlesAlerts=true, hasTouchScreen=false, version=56.0.2924.87, platform=XP, browserConnectionEnabled=false, nativeEvents=true, acceptSslCerts=true, locationContextEnabled=true, webStorageEnabled=true, browserName=chrome, takesScreenshot=true, javascriptEnabled=true, cssSelectorsEnabled=true, unexpectedAlertBehaviour=}]
Session ID: 3165785bb6107c35262d6e37c46b022c
*** Element info: {Using=xpath, value=.//*[@id=&apos;heading&apos;]}
	at org.openqa.selenium.remote.ErrorHandler.createThrowable(ErrorHandler.java:216)
	at org.openqa.selenium.remote.ErrorHandler.throwIfResponseFailed(ErrorHandler.java:168)
	at org.openqa.selenium.remote.RemoteWebDriver.execute(RemoteWebDriver.java:635)
	at org.openqa.selenium.remote.RemoteWebDriver.findElement(RemoteWebDriver.java:368)
	at org.openqa.selenium.remote.RemoteWebDriver.findElementByXPath(RemoteWebDriver.java:473)
	at org.openqa.selenium.By$ByXPath.findElement(By.java:361)
	at org.openqa.selenium.remote.RemoteWebDriver.findElement(RemoteWebDriver.java:360)
	at com.SAFUI.Utils.BasePage.verifyLogin(BasePage.java:131)
	at com.SAFUI.Pages.LoginPage.isElementPresent(LoginPage.java:37)
	at com.SAFUI.Testscripts.LoginTestScript.LoginPage(LoginTestScript.java:30)
... Removed 29 stack frames
</div> <!-- stack-trace -->
                </div> <!-- method-content -->
              </div> <!-- method -->
              <div class="method">
                <div class="method-content">
                  <a name="LoginPage(friends@gslgy.com, 6478$3)">
                  </a> <!-- LoginPage(friends@gslgy.com, 6478$3) -->
                  <span class="method-name">LoginPage</span>
                  <span class="parameters">(friends@gslgy.com, 6478$3)</span>
                  <div class="stack-trace">org.openqa.selenium.NoSuchElementException: no such element: Unable to locate element: {&quot;method&quot;:&quot;xpath&quot;,&quot;selector&quot;:&quot;.//*[@id=&apos;heading&apos;]&quot;}
  (Session info: chrome=56.0.2924.87)
  (Driver info: chromedriver=2.27.440174 (e97a722caafc2d3a8b807ee115bfb307f7d2cfd9),platform=Windows NT 6.1.7601 SP1 x86_64) (WARNING: The server did not provide any stacktrace information)
Command duration or timeout: 5.02 seconds
For documentation on this error, please visit: http://seleniumhq.org/exceptions/no_such_element.html
Build info: version: &apos;3.1.0&apos;, revision: &apos;b94c902&apos;, time: &apos;2017-02-16 12:21:31 -0800&apos;
System info: host: &apos;BHUSHAYA&apos;, ip: &apos;10.71.71.93&apos;, os.name: &apos;Windows 7&apos;, os.arch: &apos;amd64&apos;, os.version: &apos;6.1&apos;, java.version: &apos;1.8.0_121&apos;
Driver info: org.openqa.selenium.chrome.ChromeDriver
Capabilities [{applicationCacheEnabled=false, rotatable=false, mobileEmulationEnabled=false, networkConnectionEnabled=false, chrome={chromedriverVersion=2.27.440174 (e97a722caafc2d3a8b807ee115bfb307f7d2cfd9), userDataDir=C:\Users\GSC-30~1\AppData\Local\Temp\scoped_dir9928_6770}, takesHeapSnapshot=true, pageLoadStrategy=normal, databaseEnabled=false, handlesAlerts=true, hasTouchScreen=false, version=56.0.2924.87, platform=XP, browserConnectionEnabled=false, nativeEvents=true, acceptSslCerts=true, locationContextEnabled=true, webStorageEnabled=true, browserName=chrome, takesScreenshot=true, javascriptEnabled=true, cssSelectorsEnabled=true, unexpectedAlertBehaviour=}]
Session ID: 3165785bb6107c35262d6e37c46b022c
*** Element info: {Using=xpath, value=.//*[@id=&apos;heading&apos;]}
	at org.openqa.selenium.remote.ErrorHandler.createThrowable(ErrorHandler.java:216)
	at org.openqa.selenium.remote.ErrorHandler.throwIfResponseFailed(ErrorHandler.java:168)
	at org.openqa.selenium.remote.RemoteWebDriver.execute(RemoteWebDriver.java:635)
	at org.openqa.selenium.remote.RemoteWebDriver.findElement(RemoteWebDriver.java:368)
	at org.openqa.selenium.remote.RemoteWebDriver.findElementByXPath(RemoteWebDriver.java:473)
	at org.openqa.selenium.By$ByXPath.findElement(By.java:361)
	at org.openqa.selenium.remote.RemoteWebDriver.findElement(RemoteWebDriver.java:360)
	at com.SAFUI.Utils.BasePage.verifyLogin(BasePage.java:131)
	at com.SAFUI.Pages.LoginPage.isElementPresent(LoginPage.java:37)
	at com.SAFUI.Testscripts.LoginTestScript.LoginPage(LoginTestScript.java:30)
... Removed 29 stack frames
</div> <!-- stack-trace -->
                </div> <!-- method-content -->
              </div> <!-- method -->
            </div> <!-- main-panel-content rounded-window-bottom -->
          </div> <!-- suite-Suite-class-failed -->
          <div class="suite-Suite-class-passed">
            <div class="main-panel-header rounded-window-top">
              <img src="passed.png"/>
              <span class="class-name">com.SAFUI.Testscripts.AddNewRuleTestScript</span>
            </div> <!-- main-panel-header rounded-window-top -->
            <div class="main-panel-content rounded-window-bottom">
              <div class="method">
                <div class="method-content">
                  <a name="LoginPage(account_admin@gslsaf.com, 123)">
                  </a> <!-- LoginPage(account_admin@gslsaf.com, 123) -->
                  <span class="method-name">LoginPage</span>
                  <span class="parameters">(account_admin@gslsaf.com, 123)</span>
                </div> <!-- method-content -->
              </div> <!-- method -->
            </div> <!-- main-panel-content rounded-window-bottom -->
          </div> <!-- suite-Suite-class-passed -->
          <div class="suite-Suite-class-passed">
            <div class="main-panel-header rounded-window-top">
              <img src="passed.png"/>
              <span class="class-name">com.SAFUI.Testscripts.LoginTestScript</span>
            </div> <!-- main-panel-header rounded-window-top -->
            <div class="main-panel-content rounded-window-bottom">
              <div class="method">
                <div class="method-content">
                  <a name="LoginPage(account_admin@gslsaf.com, 123)">
                  </a> <!-- LoginPage(account_admin@gslsaf.com, 123) -->
                  <span class="method-name">LoginPage</span>
                  <span class="parameters">(account_admin@gslsaf.com, 123)</span>
                </div> <!-- method-content -->
              </div> <!-- method -->
            </div> <!-- main-panel-content rounded-window-bottom -->
          </div> <!-- suite-Suite-class-passed -->
        </div> <!-- panel Suite -->
        <div panel-name="test-xml-Suite" class="panel">
          <div class="main-panel-header rounded-window-top">
            <span class="header-content">C:\Users\GSC-30145\workspace\WifiAnalyser_Automation_Testcases\testng.xml</span>
          </div> <!-- main-panel-header rounded-window-top -->
          <div class="main-panel-content rounded-window-bottom">
            <pre>
&lt;?xml version=&quot;1.0&quot; encoding=&quot;UTF-8&quot;?&gt;
&lt;!DOCTYPE suite SYSTEM &quot;http://testng.org/testng-1.0.dtd&quot;&gt;
&lt;suite guice-stage=&quot;DEVELOPMENT&quot; name=&quot;Suite&quot;&gt;
  &lt;test name=&quot;Test&quot;&gt;
    &lt;classes&gt;
      &lt;class name=&quot;com.SAFUI.Testscripts.LoginTestScript&quot;/&gt;
      &lt;class name=&quot;com.SAFUI.Testscripts.AddNewRuleTestScript&quot;/&gt;
    &lt;/classes&gt;
  &lt;/test&gt; &lt;!-- Test --&gt;
&lt;/suite&gt; &lt;!-- Suite --&gt;
            </pre>
          </div> <!-- main-panel-content rounded-window-bottom -->
        </div> <!-- panel -->
        <div panel-name="testlist-Suite" class="panel">
          <div class="main-panel-header rounded-window-top">
            <span class="header-content">Tests for Suite</span>
          </div> <!-- main-panel-header rounded-window-top -->
          <div class="main-panel-content rounded-window-bottom">
            <ul>
              <li>
                <span class="test-name">Test (2 classes)</span>
              </li>
            </ul>
          </div> <!-- main-panel-content rounded-window-bottom -->
        </div> <!-- panel -->
        <div panel-name="group-Suite" class="panel">
          <div class="main-panel-header rounded-window-top">
            <span class="header-content">Groups for Suite</span>
          </div> <!-- main-panel-header rounded-window-top -->
          <div class="main-panel-content rounded-window-bottom">
          </div> <!-- main-panel-content rounded-window-bottom -->
        </div> <!-- panel -->
        <div panel-name="times-Suite" class="panel">
          <div class="main-panel-header rounded-window-top">
            <span class="header-content">Times for Suite</span>
          </div> <!-- main-panel-header rounded-window-top -->
          <div class="main-panel-content rounded-window-bottom">
            <div class="times-div">
              <script type="text/javascript">
suiteTableInitFunctions.push('tableData_Suite');
function tableData_Suite() {
var data = new google.visualization.DataTable();
data.addColumn('number', 'Number');
data.addColumn('string', 'Method');
data.addColumn('string', 'Class');
data.addColumn('number', 'Time (ms)');
data.addRows(19);
data.setCell(0, 0, 0)
data.setCell(0, 1, 'AddNewRuleBtn')
data.setCell(0, 2, 'com.SAFUI.Testscripts.AddNewRuleTestScript')
data.setCell(0, 3, 13120);
data.setCell(1, 0, 1)
data.setCell(1, 1, 'LoginPage')
data.setCell(1, 2, 'com.SAFUI.Testscripts.AddNewRuleTestScript')
data.setCell(1, 3, 5857);
data.setCell(2, 0, 2)
data.setCell(2, 1, 'LoginPage')
data.setCell(2, 2, 'com.SAFUI.Testscripts.LoginTestScript')
data.setCell(2, 3, 5473);
data.setCell(3, 0, 3)
data.setCell(3, 1, 'LoginPage')
data.setCell(3, 2, 'com.SAFUI.Testscripts.LoginTestScript')
data.setCell(3, 3, 5342);
data.setCell(4, 0, 4)
data.setCell(4, 1, 'LoginPage')
data.setCell(4, 2, 'com.SAFUI.Testscripts.AddNewRuleTestScript')
data.setCell(4, 3, 5328);
data.setCell(5, 0, 5)
data.setCell(5, 1, 'LoginPage')
data.setCell(5, 2, 'com.SAFUI.Testscripts.AddNewRuleTestScript')
data.setCell(5, 3, 5276);
data.setCell(6, 0, 6)
data.setCell(6, 1, 'LoginPage')
data.setCell(6, 2, 'com.SAFUI.Testscripts.LoginTestScript')
data.setCell(6, 3, 5263);
data.setCell(7, 0, 7)
data.setCell(7, 1, 'LoginPage')
data.setCell(7, 2, 'com.SAFUI.Testscripts.LoginTestScript')
data.setCell(7, 3, 5245);
data.setCell(8, 0, 8)
data.setCell(8, 1, 'LoginPage')
data.setCell(8, 2, 'com.SAFUI.Testscripts.AddNewRuleTestScript')
data.setCell(8, 3, 5240);
data.setCell(9, 0, 9)
data.setCell(9, 1, 'LoginPage')
data.setCell(9, 2, 'com.SAFUI.Testscripts.LoginTestScript')
data.setCell(9, 3, 5236);
data.setCell(10, 0, 10)
data.setCell(10, 1, 'LoginPage')
data.setCell(10, 2, 'com.SAFUI.Testscripts.AddNewRuleTestScript')
data.setCell(10, 3, 5210);
data.setCell(11, 0, 11)
data.setCell(11, 1, 'LoginPage')
data.setCell(11, 2, 'com.SAFUI.Testscripts.AddNewRuleTestScript')
data.setCell(11, 3, 5206);
data.setCell(12, 0, 12)
data.setCell(12, 1, 'LoginPage')
data.setCell(12, 2, 'com.SAFUI.Testscripts.LoginTestScript')
data.setCell(12, 3, 5189);
data.setCell(13, 0, 13)
data.setCell(13, 1, 'LoginPage')
data.setCell(13, 2, 'com.SAFUI.Testscripts.AddNewRuleTestScript')
data.setCell(13, 3, 466);
data.setCell(14, 0, 14)
data.setCell(14, 1, 'LoginPage')
data.setCell(14, 2, 'com.SAFUI.Testscripts.LoginTestScript')
data.setCell(14, 3, 439);
data.setCell(15, 0, 15)
data.setCell(15, 1, 'AddNewRuleBtn')
data.setCell(15, 2, 'com.SAFUI.Testscripts.AddNewRuleTestScript')
data.setCell(15, 3, 91);
data.setCell(16, 0, 16)
data.setCell(16, 1, 'AddNewRuleBtn')
data.setCell(16, 2, 'com.SAFUI.Testscripts.AddNewRuleTestScript')
data.setCell(16, 3, 30);
data.setCell(17, 0, 17)
data.setCell(17, 1, 'AddNewRuleBtn')
data.setCell(17, 2, 'com.SAFUI.Testscripts.AddNewRuleTestScript')
data.setCell(17, 3, 30);
data.setCell(18, 0, 18)
data.setCell(18, 1, 'AddNewRuleBtn')
data.setCell(18, 2, 'com.SAFUI.Testscripts.AddNewRuleTestScript')
data.setCell(18, 3, 28);
window.suiteTableData['Suite']= { tableData: data, tableDiv: 'times-div-Suite'}
return data;
}
              </script>
              <span class="suite-total-time">Total running time: 1 minutes</span>
              <div id="times-div-Suite">
              </div> <!-- times-div-Suite -->
            </div> <!-- times-div -->
          </div> <!-- main-panel-content rounded-window-bottom -->
        </div> <!-- panel -->
        <div panel-name="reporter-Suite" class="panel">
          <div class="main-panel-header rounded-window-top">
            <span class="header-content">Reporter output for Suite</span>
          </div> <!-- main-panel-header rounded-window-top -->
          <div class="main-panel-content rounded-window-bottom">
          </div> <!-- main-panel-content rounded-window-bottom -->
        </div> <!-- panel -->
        <div panel-name="ignored-methods-Suite" class="panel">
          <div class="main-panel-header rounded-window-top">
            <span class="header-content">0 ignored methods</span>
          </div> <!-- main-panel-header rounded-window-top -->
          <div class="main-panel-content rounded-window-bottom">
          </div> <!-- main-panel-content rounded-window-bottom -->
        </div> <!-- panel -->
        <div panel-name="chronological-Suite" class="panel">
          <div class="main-panel-header rounded-window-top">
            <span class="header-content">Methods in chronological order</span>
          </div> <!-- main-panel-header rounded-window-top -->
          <div class="main-panel-content rounded-window-bottom">
            <div class="chronological-class">
              <div class="chronological-class-name">com.SAFUI.Testscripts.LoginTestScript</div> <!-- chronological-class-name -->
              <div class="configuration-class before">
                <span class="method-name">BaseTest</span>
                <span class="method-start">0 ms</span>
              </div> <!-- configuration-class before -->
              <div class="test-method">
                <img src="failed.png">
                </img>
                <span class="method-name">LoginPage(account_admin@gslsaf.com, 7458$%)</span>
                <span class="method-start">7987 ms</span>
              </div> <!-- test-method -->
              <div class="test-method">
                <img src="failed.png">
                </img>
                <span class="method-name">LoginPage(abc.pqr@gslsaf.com, 123)</span>
                <span class="method-start">13467 ms</span>
              </div> <!-- test-method -->
              <div class="test-method">
                <img src="failed.png">
                </img>
                <span class="method-name">LoginPage(, )</span>
                <span class="method-start">18715 ms</span>
              </div> <!-- test-method -->
              <div class="test-method">
                <img src="failed.png">
                </img>
                <span class="method-name">LoginPage(, 123)</span>
                <span class="method-start">24060 ms</span>
              </div> <!-- test-method -->
              <div class="test-method">
                <img src="failed.png">
                </img>
                <span class="method-name">LoginPage(account_admin@gslsaf.com, )</span>
                <span class="method-start">29252 ms</span>
              </div> <!-- test-method -->
              <div class="test-method">
                <img src="failed.png">
                </img>
                <span class="method-name">LoginPage(friends@gslgy.com, 6478$3)</span>
                <span class="method-start">34517 ms</span>
              </div> <!-- test-method -->
              <div class="test-method">
                <span class="method-name">LoginPage(account_admin@gslsaf.com, 123)</span>
                <span class="method-start">39756 ms</span>
              </div> <!-- test-method -->
              <div class="configuration-class after">
                <span class="method-name">after</span>
                <span class="method-start">40196 ms</span>
              </div> <!-- configuration-class after -->
            </div> <!-- chronological-class -->
            <div class="chronological-class">
              <div class="chronological-class-name">com.SAFUI.Testscripts.AddNewRuleTestScript</div> <!-- chronological-class-name -->
              <div class="configuration-class before">
                <span class="method-name">BaseTest</span>
                <span class="method-start">41632 ms</span>
              </div> <!-- configuration-class before -->
              <div class="configuration-class before">
                <span class="method-name">before</span>
                <span class="method-start">45814 ms</span>
              </div> <!-- configuration-class before -->
              <div class="test-method">
                <img src="failed.png">
                </img>
                <span class="method-name">LoginPage(account_admin@gslsaf.com, 7458$%)</span>
                <span class="method-start">45868 ms</span>
              </div> <!-- test-method -->
              <div class="test-method">
                <img src="failed.png">
                </img>
                <span class="method-name">LoginPage(abc.pqr@gslsaf.com, 123)</span>
                <span class="method-start">51727 ms</span>
              </div> <!-- test-method -->
              <div class="test-method">
                <img src="failed.png">
                </img>
                <span class="method-name">LoginPage(, )</span>
                <span class="method-start">57006 ms</span>
              </div> <!-- test-method -->
              <div class="test-method">
                <img src="failed.png">
                </img>
                <span class="method-name">LoginPage(, 123)</span>
                <span class="method-start">62337 ms</span>
              </div> <!-- test-method -->
              <div class="test-method">
                <img src="failed.png">
                </img>
                <span class="method-name">LoginPage(account_admin@gslsaf.com, )</span>
                <span class="method-start">67545 ms</span>
              </div> <!-- test-method -->
              <div class="test-method">
                <img src="failed.png">
                </img>
                <span class="method-name">LoginPage(friends@gslgy.com, 6478$3)</span>
                <span class="method-start">72788 ms</span>
              </div> <!-- test-method -->
              <div class="test-method">
                <span class="method-name">LoginPage(account_admin@gslsaf.com, 123)</span>
                <span class="method-start">78000 ms</span>
              </div> <!-- test-method -->
              <div class="test-method">
                <img src="failed.png">
                </img>
                <span class="method-name">AddNewRuleBtn(Second Rule, NORMAL, tag, ~=, wlc_client_data, SUM, BANDWIDTH, >=, 100, 20,  %{aggregation} %{metric...)</span>
                <span class="method-start">78530 ms</span>
              </div> <!-- test-method -->
              <div class="test-method">
                <img src="failed.png">
                </img>
                <span class="method-name">AddNewRuleBtn(Third rule, CRITICAL, tag, ==, wlc_ap_data, COUNT, APSLOTS, ==, 20, 10,  %{aggregation} %{metric} %{...)</span>
                <span class="method-start">91652 ms</span>
              </div> <!-- test-method -->
              <div class="test-method">
                <img src="failed.png">
                </img>
                <span class="method-name">AddNewRuleBtn(fourth rule, IMPORTANT, APMODEL, ~=, AIR-CAP3702I-N-K9, COUNT, CLIENTCOUNT, >=, 100, 30,  %{aggregat...)</span>
                <span class="method-start">91745 ms</span>
              </div> <!-- test-method -->
              <div class="test-method">
                <img src="failed.png">
                </img>
                <span class="method-name">AddNewRuleBtn(fifth rule, MINOR, Timestamp, >=, 2017-03-03 18:56:55.177+0530, SUM, BANDWIDTH, >=, 100, 20,  %{aggr...)</span>
                <span class="method-start">91776 ms</span>
              </div> <!-- test-method -->
              <div class="test-method">
                <img src="failed.png">
                </img>
                <span class="method-name">AddNewRuleBtn(sixth rule, NORMAL, APNAME, ~=, AA_6F_04, SUM, CLIENTCOUNT, >=, 25, 50,  %{aggregation} %{metric} %{...)</span>
                <span class="method-start">91805 ms</span>
              </div> <!-- test-method -->
              <div class="configuration-class after">
                <span class="method-name">closeBrowser</span>
                <span class="method-start">91836 ms</span>
              </div> <!-- configuration-class after -->
          </div> <!-- main-panel-content rounded-window-bottom -->
        </div> <!-- panel -->
      </div> <!-- main-panel-root -->
    </div> <!-- wrapper -->
  </body>
</html>
